<?xml version="1.0" encoding="UTF-8"?>
<!-- Generated by org.testng.reporters.JUnitReportReporter -->
<testsuite skipped="0" hostname="5CD138MBF9" name="com.qa.mobile.test.TC_001ValidateMobileLogin" tests="1" failures="0" timestamp="2022-03-29T10:51:42 IST" time="46.708" errors="0">
  <testcase name="test001" time="46.708" classname="com.qa.mobile.test.TC_001ValidateMobileLogin"/>
  <system-out/>
</testsuite> <!-- com.qa.mobile.test.TC_001ValidateMobileLogin -->
