<?xml version="1.0" encoding="UTF-8"?>
<!-- Generated by org.testng.reporters.JUnitReportReporter -->
<testsuite skipped="0" hostname="5CD138MBF9" name="com.ApiDemo.ValidateMobileApi" tests="2" failures="0" timestamp="2022-04-04T09:25:01 IST" time="42.692" errors="0">
  <testcase name="test001" time="20.996" classname="com.ApiDemo.ValidateMobileApi"/>
  <system-out/>
  <testcase name="test_002" time="21.696" classname="com.ApiDemo.ValidateMobileApi"/>
  <system-out/>
</testsuite> <!-- com.ApiDemo.ValidateMobileApi -->
