<?xml version="1.0" encoding="UTF-8"?>
<!-- Generated by org.testng.reporters.JUnitReportReporter -->
<testsuite skipped="0" hostname="5CD138MBF9" name="com.ApiDemo.ValidateAPIDemoHomePage" tests="1" failures="0" timestamp="2023-01-27T16:42:18 IST" time="92.396" errors="0">
  <testcase name="validateAllMainModule" time="92.396" classname="com.ApiDemo.ValidateAPIDemoHomePage"/>
  <system-out/>
</testsuite> <!-- com.ApiDemo.ValidateAPIDemoHomePage -->
