<?xml version="1.0" encoding="UTF-8"?>
<!-- Generated by org.testng.reporters.JUnitReportReporter -->
<testsuite skipped="0" hostname="5CD138MBF9" name="com.ApiDemo.Base" tests="1" failures="0" timestamp="2022-03-31T10:28:37 IST" time="8.115" errors="0">
  <testcase name="setUP" time="8.115" classname="com.ApiDemo.Base"/>
  <system-out/>
</testsuite> <!-- com.ApiDemo.Base -->
